<?xml version="1.0" encoding="UTF-8"?>
<!-- Generated by org.testng.reporters.JUnitReportReporter -->
<testsuite hostname="Fatma" failures="0" tests="1" name="Runner.TestRunner" time="178.440" errors="0" timestamp="2025-01-17T02:25:02 EET" skipped="0">
  <testcase classname="Runner.TestRunner" name="runScenario" time="178.440"/>
</testsuite> <!-- Runner.TestRunner -->
